[07:01:50] [modloading-worker-0/INFO] ========================================
[07:01:50] [modloading-worker-0/INFO] Minecraft: 1.20.1
[07:01:50] [modloading-worker-0/INFO] Side: client
[07:01:50] [modloading-worker-0/INFO] Development: false
[07:01:50] [modloading-worker-0/INFO] Version: 12.1.785
[07:01:50] [modloading-worker-0/INFO] Loader:
[07:01:50] [modloading-worker-0/INFO] - Forge: 47.3.12
[07:01:50] [modloading-worker-0/INFO] Dependencies:
[07:01:50] [modloading-worker-0/INFO] - Cloth Config: 11.1.136
[07:01:50] [modloading-worker-0/INFO] - Architectury: 9.2.14
[07:01:50] [modloading-worker-0/INFO] Mixin: 0.8.5
[07:01:50] [modloading-worker-0/INFO] OS: Windows 11 10.0 (amd64)
[07:01:50] [modloading-worker-0/INFO] Java: 17.0.13 (Azul Systems, Inc.)
[07:01:50] [modloading-worker-0/INFO] ========================================
[07:01:50] [modloading-worker-0/INFO] Mods:
[07:01:50] [modloading-worker-0/INFO] - accessdenied: 4.0.1
[07:01:50] [modloading-worker-0/INFO] - accessories: 2.0.1
[07:01:50] [modloading-worker-0/INFO] - acd_nether: 1.6.1
[07:01:50] [modloading-worker-0/INFO] - alexscaves: 2.0.2
[07:01:50] [modloading-worker-0/INFO] - alexsmobs: 1.22.9
[07:01:50] [modloading-worker-0/INFO] - amendments: 1.20-1.2.12
[07:01:50] [modloading-worker-0/INFO] - apotheosis: 7.4.3
[07:01:50] [modloading-worker-0/INFO] - apothiccombat: 1.1.0
[07:01:50] [modloading-worker-0/INFO] - appleskin: 2.5.1+mc1.20.1
[07:01:50] [modloading-worker-0/INFO] - architectury: 9.2.14
[07:01:50] [modloading-worker-0/INFO] - ars_nouveau: 4.9.0
[07:01:50] [modloading-worker-0/INFO] - artifacts: 9.5.13
[07:01:50] [modloading-worker-0/INFO] - attributefix: 21.0.4
[07:01:50] [modloading-worker-0/INFO] - attributeslib: 1.3.7
[07:01:50] [modloading-worker-0/INFO] - autoleveling: 1.19b
[07:01:50] [modloading-worker-0/INFO] - balm: 7.3.9
[07:01:50] [modloading-worker-0/INFO] - bellsandwhistles: 0.4.3-1.20.x
[07:01:50] [modloading-worker-0/INFO] - bettercombat: 1.8.6+1.20.1
[07:01:50] [modloading-worker-0/INFO] - bettermineshafts: 1.20-Forge-4.0.4
[07:01:50] [modloading-worker-0/INFO] - biomeswevegone: 1.4.4
[07:01:50] [modloading-worker-0/INFO] - bookshelf: 20.2.13
[07:01:50] [modloading-worker-0/INFO] - born_in_chaos_v1: 1.5.2
[07:01:50] [modloading-worker-0/INFO] - caelus: 3.2.0+1.20.1
[07:01:50] [modloading-worker-0/INFO] - citadel: 2.6.0
[07:01:50] [modloading-worker-0/INFO] - cloth_config: 11.1.136
[07:01:50] [modloading-worker-0/INFO] - cold_sweat: 2.3.9
[07:01:50] [modloading-worker-0/INFO] - collective: 7.87
[07:01:50] [modloading-worker-0/INFO] - copycats: 2.1.4+mc.1.20.1-forge
[07:01:50] [modloading-worker-0/INFO] - corgilib: 4.0.3.2
[07:01:50] [modloading-worker-0/INFO] - cratedelight: 24.11.29-1.20-forge
[07:01:50] [modloading-worker-0/INFO] - create: 0.5.1.j
[07:01:50] [modloading-worker-0/INFO] - create_central_kitchen: 1.3.12
[07:01:50] [modloading-worker-0/INFO] - create_dd: 0.1b.Release-Early-Dev
[07:01:50] [modloading-worker-0/INFO] - create_dragon_lib: 1.4.3
[07:01:50] [modloading-worker-0/INFO] - create_more_features: 0.7.1
[07:01:50] [modloading-worker-0/INFO] - create_quark_runes: 1.0.0
[07:01:50] [modloading-worker-0/INFO] - create_waystones_recipes: 1.0.1.b
[07:01:50] [modloading-worker-0/INFO] - createbigcannons: 5.7.0
[07:01:50] [modloading-worker-0/INFO] - createdeco: 2.0.2-1.20.1-forge
[07:01:50] [modloading-worker-0/INFO] - creategoggles: 0.5.5.g
[07:01:50] [modloading-worker-0/INFO] - creeperoverhaul: 3.0.2
[07:01:50] [modloading-worker-0/INFO] - cristellib: 1.1.6
[07:01:50] [modloading-worker-0/INFO] - ctov: 3.4.10
[07:01:50] [modloading-worker-0/INFO] - curios: 5.11.0+1.20.1
[07:01:50] [modloading-worker-0/INFO] - design_decor: 0.4.0b
[07:01:50] [modloading-worker-0/INFO] - doapi: 1.2.15
[07:01:50] [modloading-worker-0/INFO] - dynamic_fps: 3.7.7
[07:01:50] [modloading-worker-0/INFO] - embeddium: 0.3.31+mc1.20.1
[07:01:50] [modloading-worker-0/INFO] - embeddiumplus: 1.2.13
[07:01:50] [modloading-worker-0/INFO] - enchdesc: 17.1.19
[07:01:50] [modloading-worker-0/INFO] - endermanoverhaul: 1.0.4
[07:01:50] [modloading-worker-0/INFO] - entityculling: 1.7.2
[07:01:50] [modloading-worker-0/INFO] - expandability: 9.0.4
[07:01:50] [modloading-worker-0/INFO] - expanded_ecosphere: 3.2.4
[07:01:50] [modloading-worker-0/INFO] - farm_and_charm: 1.0.4
[07:01:50] [modloading-worker-0/INFO] - farmersdelight: 1.20.1-1.2.6
[07:01:50] [modloading-worker-0/INFO] - farmersdelightadditions: 1.0.0
[07:01:50] [modloading-worker-0/INFO] - farmersdelightcompat: 1.0.0
[07:01:50] [modloading-worker-0/INFO] - ferritecore: 6.0.1
[07:01:50] [modloading-worker-0/INFO] - flywheel: 0.6.11-13
[07:01:50] [modloading-worker-0/INFO] - forge: 47.3.12
[07:01:50] [modloading-worker-0/INFO] - geckolib: 4.4.9
[07:01:50] [modloading-worker-0/INFO] - geophilic_reforged: 1.2.0
[07:01:50] [modloading-worker-0/INFO] - glitchcore: 0.0.1.1
[07:01:50] [modloading-worker-0/INFO] - grassoverhaul: 23.10.10
[07:01:50] [modloading-worker-0/INFO] - hauntedharvest: 1.20-3.1.20
[07:01:50] [modloading-worker-0/INFO] - herbalbrews: 1.0.8
[07:01:50] [modloading-worker-0/INFO] - ice_and_fire_delight: 0.1.9
[07:01:50] [modloading-worker-0/INFO] - iceandfire: 2.1.13-1.20.1
[07:01:50] [modloading-worker-0/INFO] - iceandfirebettercombat: 1.0
[07:01:50] [modloading-worker-0/INFO] - illagerinvasion: 8.0.6
[07:01:50] [modloading-worker-0/INFO] - immediatelyfast: 1.3.3+1.20.4
[07:01:50] [modloading-worker-0/INFO] - itemproductionlib: 1.0.2a
[07:01:50] [modloading-worker-0/INFO] - jade: 11.12.2+forge
[07:01:50] [modloading-worker-0/INFO] - kotlinforforge: 4.11.0
[07:01:50] [modloading-worker-0/INFO] - kubejs: 2001.6.5-build.16
[07:01:50] [modloading-worker-0/INFO] - kubejs_create: 2001.2.5-build.2
[07:01:50] [modloading-worker-0/INFO] - kuma_api: 20.1.8
[07:01:50] [modloading-worker-0/INFO] - lithostitched: 1.3.8
[07:01:50] [modloading-worker-0/INFO] - meadow: 1.3.19
[07:01:50] [modloading-worker-0/INFO] - memoryleakfix: 1.1.5
[07:01:50] [modloading-worker-0/INFO] - minecraft: 1.20.1
[07:01:50] [modloading-worker-0/INFO] - miners_delight: 1.20.1-1.2.3
[07:01:50] [modloading-worker-0/INFO] - mixinextras: 0.4.1
[07:01:50] [modloading-worker-0/INFO] - mixinsquared: 0.1.2-beta.5
[07:01:50] [modloading-worker-0/INFO] - modernfix: 5.19.7+mc1.20.1
[07:01:50] [modloading-worker-0/INFO] - moonlight: 1.20-2.13.39
[07:01:50] [modloading-worker-0/INFO] - moredelight: 24.11.06-1.20-forge
[07:01:50] [modloading-worker-0/INFO] - mr_ctov_farmersdelightcompat: 2.1
[07:01:50] [modloading-worker-0/INFO] - mr_dungeons_andtaverns: 3.0.3.f
[07:01:50] [modloading-worker-0/INFO] - mr_dungeons_andtavernsancientcityoverhaul: 1
[07:01:50] [modloading-worker-0/INFO] - mr_dungeons_andtavernspillageroutpostrework: 1.1
[07:01:50] [modloading-worker-0/INFO] - mr_dungeons_andtavernsstrongholdrework: 1
[07:01:50] [modloading-worker-0/INFO] - naturalist: 4.0.3
[07:01:50] [modloading-worker-0/INFO] - nethervinery: 1.2.16
[07:01:50] [modloading-worker-0/INFO] - nochatreports: 1.20.1-v2.2.2
[07:01:50] [modloading-worker-0/INFO] - notenoughanimations: 1.8.2
[07:01:50] [modloading-worker-0/INFO] - numismatics: 1.0.7+forge-mc1.20.1
[07:01:50] [modloading-worker-0/INFO] - octolib: 0.4.2
[07:01:50] [modloading-worker-0/INFO] - ohthetreesyoullgrow: 1.20.1-1.3.2
[07:01:50] [modloading-worker-0/INFO] - openpartiesandclaims: 0.23.6
[07:01:50] [modloading-worker-0/INFO] - palladiumcore: 1.20-2.0.0.0
[07:01:50] [modloading-worker-0/INFO] - patchouli: 1.20.1-84-FORGE
[07:01:50] [modloading-worker-0/INFO] - placebo: 8.6.2
[07:01:50] [modloading-worker-0/INFO] - playeranimator: 1.0.2-rc1+1.20
[07:01:50] [modloading-worker-0/INFO] - puzzlesaccessapi: 8.0.7
[07:01:50] [modloading-worker-0/INFO] - puzzleslib: 8.1.25
[07:01:50] [modloading-worker-0/INFO] - quark: 4.0-460
[07:01:50] [modloading-worker-0/INFO] - quarkoddities: 1.20.1
[07:01:50] [modloading-worker-0/INFO] - raccompat: 0.1.3
[07:01:50] [modloading-worker-0/INFO] - railways: 1.6.7+forge-mc1.20.1
[07:01:50] [modloading-worker-0/INFO] - ramcompat: 0.1.4
[07:01:50] [modloading-worker-0/INFO] - rarcompat: 0.1.7
[07:01:50] [modloading-worker-0/INFO] - relics: 0.8.0.7
[07:01:50] [modloading-worker-0/INFO] - resourcefulconfig: 2.1.2
[07:01:50] [modloading-worker-0/INFO] - resourcefullib: 2.1.29
[07:01:50] [modloading-worker-0/INFO] - rhino: 2001.2.3-build.6
[07:01:50] [modloading-worker-0/INFO] - ritchiesprojectilelib: 2.0.0-dev+mc.1.20.1-forge-build.182
[07:01:50] [modloading-worker-0/INFO] - riverredux: 0.3.1
[07:01:50] [modloading-worker-0/INFO] - roughlyenoughitems: 12.1.785
[07:01:50] [modloading-worker-0/INFO] - roughlyenoughprofessions: 2.0.2
[07:01:50] [modloading-worker-0/INFO] - rubidium: 0.7.1
[07:01:50] [modloading-worker-0/INFO] - seasonal_lets_do: 1.1.0
[07:01:50] [modloading-worker-0/INFO] - sereneseasons: 9.1.0.0
[07:01:50] [modloading-worker-0/INFO] - sereneseasonsfix: 1.1.0.1
[07:01:50] [modloading-worker-0/INFO] - skilltree: 0.6.14a
[07:01:50] [modloading-worker-0/INFO] - skinlayers3d: 1.7.4
[07:01:50] [modloading-worker-0/INFO] - sliceanddice: 3.3.0
[07:01:50] [modloading-worker-0/INFO] - starterkit: 7.1
[07:01:50] [modloading-worker-0/INFO] - storagedelight: 24.09.11-1.20-forge
[07:01:50] [modloading-worker-0/INFO] - supplementaries: 1.20-3.1.10
[07:01:50] [modloading-worker-0/INFO] - takesapillage: 1.0.3
[07:01:50] [modloading-worker-0/INFO] - terrablender: 3.0.1.7
[07:01:50] [modloading-worker-0/INFO] - terrablenderfix: 0.0.1
[07:01:50] [modloading-worker-0/INFO] - terraform: 7.0.1
[07:01:50] [modloading-worker-0/INFO] - toadlib: 1.1.5
[07:01:50] [modloading-worker-0/INFO] - totw_modded: 1.0.5
[07:01:50] [modloading-worker-0/INFO] - travelerstitles: 1.20-Forge-4.0.2
[07:01:50] [modloading-worker-0/INFO] - vc_gliders: 1.1.6
[07:01:50] [modloading-worker-0/INFO] - villagesandpillages: 1.0.2
[07:01:50] [modloading-worker-0/INFO] - vinery: 1.4.34
[07:01:50] [modloading-worker-0/INFO] - vminus: 1.0.0
[07:01:50] [modloading-worker-0/INFO] - voicechat: 1.20.1-2.5.26
[07:01:50] [modloading-worker-0/INFO] - w2w2: 1.0
[07:01:50] [modloading-worker-0/INFO] - waystones: 14.1.6
[07:01:50] [modloading-worker-0/INFO] - wwoo_forge: 2.0.0
[07:01:50] [modloading-worker-0/INFO] - xaerominimap: 24.6.1
[07:01:50] [modloading-worker-0/INFO] - xaeroworldmap: 1.39.2
[07:01:50] [modloading-worker-0/INFO] - yungsapi: 1.20-Forge-4.0.6
[07:01:50] [modloading-worker-0/INFO] - yungsextras: 1.20-Forge-4.0.3
[07:01:50] [modloading-worker-0/INFO] - zeta: 1.0-24
[07:01:50] [modloading-worker-0/INFO] ========================================
[07:01:50] [modloading-worker-0/DEBUG] [REI] Added filtering rule [roughlyenoughitems:search]: INSTANCE
[07:01:50] [modloading-worker-0/DEBUG] [REI] Added filtering rule [roughlyenoughitems:manual]: INSTANCE
[07:01:50] [modloading-worker-0/DEBUG] [REI] Added filtering rule [roughlyenoughitems:basic]: INSTANCE
[07:01:51] [modloading-worker-0/INFO] [REI] Config loaded
[07:01:51] [modloading-worker-0/DEBUG] [REI] Config saved
[07:01:51] [modloading-worker-0/DEBUG] [REI] Config saved
[07:01:51] [modloading-worker-0/DEBUG] [REI] Config saved
[07:01:51] [modloading-worker-0/INFO] [REI] Registered plugin provider REPClientPlugin [roughlyenoughprofessions] for REIPlugin
[07:01:51] [modloading-worker-0/INFO] [REI] Registered plugin provider REICompat [hauntedharvest] for REIPlugin
[07:01:51] [modloading-worker-0/INFO] [REI] Registered plugin provider VineryReiClientPluginForge [vinery] for REIPlugin
[07:01:51] [modloading-worker-0/INFO] [REI] Registered plugin provider MeadowReiClientPluginForge [meadow] for REIPlugin
[07:01:51] [modloading-worker-0/INFO] [REI] Registered plugin provider HerbalBrewsReiClientPluginForge [herbalbrews] for REIPlugin
[07:01:51] [modloading-worker-0/INFO] [REI] Registered plugin provider Farm_And_CharmREIClientPluginForge [farm_and_charm] for REIPlugin
[07:01:51] [modloading-worker-0/INFO] [REI] Registered plugin provider REIForgePluginStub [kubejs] for REIPlugin
[07:01:51] [modloading-worker-0/INFO] [REI] Registered plugin provider REICompat [supplementaries] for REIPlugin
[07:01:52] [modloading-worker-0/INFO] [REI] Registered plugin provider DefaultPluginImpl [roughlyenoughitems] for REIServerPlugin
[07:01:52] [modloading-worker-0/INFO] [REI] Registered plugin provider DefaultPluginImpl [roughlyenoughitems] for REIPlugin
[07:01:52] [modloading-worker-0/INFO] [REI] Registered plugin provider DefaultRuntimePlugin [roughlyenoughitems] for REIServerPlugin
[07:01:52] [modloading-worker-0/INFO] [REI] Registered plugin provider DefaultRuntimePlugin [roughlyenoughitems] for REIPlugin
[07:01:52] [modloading-worker-0/INFO] [REI] Registered plugin provider DefaultClientPluginImpl [roughlyenoughitems] for REIClientPlugin
[07:01:52] [modloading-worker-0/INFO] [REI] Registered plugin provider DefaultClientPluginImpl [roughlyenoughitems] for REIPlugin
[07:01:52] [modloading-worker-0/INFO] [REI] Registered plugin provider DefaultClientRuntimePlugin [roughlyenoughitems] for REIClientPlugin
[07:01:52] [modloading-worker-0/INFO] [REI] Registered plugin provider DefaultClientRuntimePlugin [roughlyenoughitems] for REIPlugin
[07:01:52] [modloading-worker-0/DEBUG] [REI] Added filtering rule [roughlyenoughitems:hidden_from_recipe_viewers]: INSTANCE
[07:01:52] [modloading-worker-0/INFO] [REI] Registered plugin provider HideIngredientsFromTagsPlugin [roughlyenoughitems] for REIClientPlugin
[07:01:52] [modloading-worker-0/INFO] [REI] Registered plugin provider HideIngredientsFromTagsPlugin [roughlyenoughitems] for REIPlugin
[07:01:52] [modloading-worker-0/INFO] [REI] Registered plugin provider REPClientPlugin [roughlyenoughprofessions] for REIClientPlugin
[07:01:52] [modloading-worker-0/INFO] [REI] Registered plugin provider REICompat [hauntedharvest] for REIClientPlugin
[07:01:52] [modloading-worker-0/INFO] [REI] Registered plugin provider VineryReiClientPluginForge [vinery] for REIClientPlugin
[07:01:52] [modloading-worker-0/INFO] [REI] Registered plugin provider MeadowReiClientPluginForge [meadow] for REIClientPlugin
[07:01:52] [modloading-worker-0/INFO] [REI] Registered plugin provider HerbalBrewsReiClientPluginForge [herbalbrews] for REIClientPlugin
[07:01:52] [modloading-worker-0/INFO] [REI] Registered plugin provider Farm_And_CharmREIClientPluginForge [farm_and_charm] for REIClientPlugin
[07:01:52] [modloading-worker-0/INFO] [REI] Registered plugin provider REIForgePluginStub [kubejs] for REIClientPlugin
[07:01:52] [modloading-worker-0/INFO] [REI] Registered plugin provider REICompat [supplementaries] for REIClientPlugin
[07:03:44] [Worker-ResourceReload-2/DEBUG] [REI] Processed 0 tags in 74.20 μs for minecraft:dimension_type
[07:03:44] [Worker-ResourceReload-3/DEBUG] [REI] Processed 0 tags in 15.70 μs for moonlight:soft_fluids
[07:03:44] [Worker-ResourceReload-0/DEBUG] [REI] Processed 31 tags in 2.335 ms for minecraft:banner_pattern
[07:03:44] [Worker-ResourceReload-1/DEBUG] [REI] Processed 0 tags in 97.30 μs for minecraft:worldgen/structure
[07:03:44] [Worker-ResourceReload-0/DEBUG] [REI] Processed 0 tags in 16.90 μs for minecraft:worldgen/processor_list
[07:03:44] [Worker-ResourceReload-5/DEBUG] [REI] Processed 134 tags in 1.518 ms for minecraft:entity_type
[07:03:44] [Worker-ResourceReload-0/DEBUG] [REI] Processed 0 tags in 27.30 μs for minecraft:worldgen/placed_feature
[07:03:44] [Worker-ResourceReload-1/DEBUG] [REI] Processed 5 tags in 73.60 μs for minecraft:mob_effect
[07:03:44] [Worker-ResourceReload-2/DEBUG] [REI] Processed 0 tags in 13.10 μs for minecraft:worldgen/flat_level_generator_preset
[07:03:44] [Worker-ResourceReload-1/DEBUG] [REI] Processed 2 tags in 44.60 μs for minecraft:cat_variant
[07:03:44] [Worker-ResourceReload-0/DEBUG] [REI] Processed 1 tags in 23.60 μs for minecraft:potion
[07:03:44] [Worker-ResourceReload-4/DEBUG] [REI] Processed 3 tags in 169.8 μs for minecraft:point_of_interest_type
[07:03:44] [Worker-ResourceReload-1/DEBUG] [REI] Processed 0 tags in 15.00 μs for minecraft:worldgen/world_preset
[07:03:45] [Worker-ResourceReload-6/DEBUG] [REI] Processed 1484 tags in 30.69 ms for minecraft:item
[07:03:45] [Worker-ResourceReload-4/DEBUG] [REI] Processed 1 tags in 22.40 μs for minecraft:recipe_serializer
[07:03:45] [Worker-ResourceReload-1/DEBUG] [REI] Processed 0 tags in 34.40 μs for minecraft:damage_type
[07:03:45] [Worker-ResourceReload-3/DEBUG] [REI] Processed 0 tags in 285.4 μs for minecraft:worldgen/biome
[07:03:45] [Worker-ResourceReload-1/DEBUG] [REI] Processed 5 tags in 47.50 μs for minecraft:instrument
[07:03:45] [Worker-ResourceReload-5/DEBUG] [REI] Processed 1 tags in 59.90 μs for minecraft:painting_variant
[07:03:45] [Worker-ResourceReload-1/DEBUG] [REI] Processed 1 tags in 44.40 μs for minecraft:enchantment
[07:03:45] [Worker-ResourceReload-6/DEBUG] [REI] Processed 28 tags in 117.5 μs for minecraft:fluid
[07:03:45] [Worker-ResourceReload-4/DEBUG] [REI] Processed 5 tags in 280.1 μs for minecraft:game_event
[07:03:45] [Worker-ResourceReload-0/DEBUG] [REI] Processed 751 tags in 55.14 ms for minecraft:block
[07:03:45] [Worker-ResourceReload-4/DEBUG] [REI] Processed 0 tags in 6.500 μs for minecraft:worldgen/structure_set
[07:03:48] [Render thread/DEBUG] [REI] Player quit, clearing reload tasks!
[07:03:48] [Render thread/DEBUG] [REI] Did not fulfill the request of termination of REI reload tasks because there are no uninterrupted running tasks. This is not an error.
